e:\visualstudio\vsprojects\opengl\opengl\debug\vc143.pdb
e:\visualstudio\vsprojects\opengl\opengl\debug\vc143.idb
e:\visualstudio\vsprojects\opengl\opengl\debug\vertexarray.obj
e:\visualstudio\vsprojects\opengl\opengl\debug\shader.obj
e:\visualstudio\vsprojects\opengl\opengl\debug\application.obj
e:\visualstudio\vsprojects\opengl\opengl\debug\vertexbuffer.obj
e:\visualstudio\vsprojects\opengl\opengl\debug\stb_image.obj
e:\visualstudio\vsprojects\opengl\opengl\debug\glm.obj
e:\visualstudio\vsprojects\opengl\opengl\debug\texture.obj
e:\visualstudio\vsprojects\opengl\opengl\debug\renderer.obj
e:\visualstudio\vsprojects\opengl\opengl\debug\indexbuffer.obj
e:\visualstudio\vsprojects\opengl\opengl\debug\glm.cppm.ifc
e:\visualstudio\vsprojects\opengl\opengl\debug\glm.cppm.ifc.d.json
e:\visualstudio\vsprojects\opengl\opengl\debug\glm.cppm.obj
e:\visualstudio\vsprojects\opengl\opengl\debug\glm.cppm.module.json
e:\visualstudio\vsprojects\opengl\opengl\debug\opengl.ilk
e:\visualstudio\vsprojects\opengl\debug\opengl.pdb
e:\visualstudio\vsprojects\opengl\debug\opengl.exe
e:\visualstudio\vsprojects\opengl\opengl\debug\opengl.tlog\cl.command.1.tlog
e:\visualstudio\vsprojects\opengl\opengl\debug\opengl.tlog\cl.items.tlog
e:\visualstudio\vsprojects\opengl\opengl\debug\opengl.tlog\cl.read.1.tlog
e:\visualstudio\vsprojects\opengl\opengl\debug\opengl.tlog\cl.write.1.tlog
e:\visualstudio\vsprojects\opengl\opengl\debug\opengl.tlog\link.command.1.tlog
e:\visualstudio\vsprojects\opengl\opengl\debug\opengl.tlog\link.read.1.tlog
e:\visualstudio\vsprojects\opengl\opengl\debug\opengl.tlog\link.secondary.1.tlog
e:\visualstudio\vsprojects\opengl\opengl\debug\opengl.tlog\link.write.1.tlog
e:\visualstudio\vsprojects\opengl\opengl\debug\opengl_md.tlog\cl.command.1.tlog
e:\visualstudio\vsprojects\opengl\opengl\debug\opengl_md.tlog\microsoft.build.cpptasks.cl.read.1.tlog
e:\visualstudio\vsprojects\opengl\opengl\debug\opengl_md.tlog\microsoft.build.cpptasks.cl.write.1.tlog
